2021-10-19 20:52:28,288 - Log4JLogChute initialized using file 'target\velocity.log'
2021-10-19 20:52:28,290 - Initializing Velocity, Calling init()...
2021-10-19 20:52:28,291 - Starting Apache Velocity v1.7 (compiled: 2010-11-19 12:14:37)
2021-10-19 20:52:28,291 - Default Properties File: org\apache\velocity\runtime\defaults\velocity.properties
2021-10-19 20:52:28,291 - Trying to use logger class org.apache.velocity.runtime.log.AvalonLogChute
2021-10-19 20:52:28,291 - Target log system for org.apache.velocity.runtime.log.AvalonLogChute is not available (java.lang.NoClassDefFoundError: org/apache/log/format/Formatter).  Falling back to next log system...
2021-10-19 20:52:28,291 - Trying to use logger class org.apache.velocity.runtime.log.Log4JLogChute
2021-10-19 20:52:28,292 - Using logger class org.apache.velocity.runtime.log.Log4JLogChute
2021-10-19 20:52:28,298 - ResourceLoader instantiated: org.apache.velocity.runtime.resource.loader.ClasspathResourceLoader
2021-10-19 20:52:28,400 - ResourceCache: initialized (class org.apache.velocity.runtime.resource.ResourceCacheImpl) with class java.util.Collections$SynchronizedMap cache map.
2021-10-19 20:52:28,410 - Loaded System Directive: org.apache.velocity.runtime.directive.Stop
2021-10-19 20:52:28,420 - Loaded System Directive: org.apache.velocity.runtime.directive.Define
2021-10-19 20:52:28,424 - Loaded System Directive: org.apache.velocity.runtime.directive.Break
2021-10-19 20:52:28,428 - Loaded System Directive: org.apache.velocity.runtime.directive.Evaluate
2021-10-19 20:52:28,432 - Loaded System Directive: org.apache.velocity.runtime.directive.Literal
2021-10-19 20:52:28,441 - Loaded System Directive: org.apache.velocity.runtime.directive.Macro
2021-10-19 20:52:28,444 - Loaded System Directive: org.apache.velocity.runtime.directive.Parse
2021-10-19 20:52:28,448 - Loaded System Directive: org.apache.velocity.runtime.directive.Include
2021-10-19 20:52:28,451 - Loaded System Directive: org.apache.velocity.runtime.directive.Foreach
2021-10-19 20:52:28,509 - Created '20' parsers.
2021-10-19 20:52:28,517 - Velocimacro : "velocimacro.library" is not set.  Trying default library: VM_global_library.vm
2021-10-19 20:52:28,519 - Could not load resource 'VM_global_library.vm' from ResourceLoader org.apache.velocity.runtime.resource.loader.ClasspathResourceLoader: ClasspathResourceLoader Error: cannot find resource VM_global_library.vm
2021-10-19 20:52:28,519 - Velocimacro : Default library not found.
2021-10-19 20:52:28,519 - Velocimacro : allowInline = true : VMs can be defined inline in templates
2021-10-19 20:52:28,519 - Velocimacro : allowInlineToOverride = false : VMs defined inline may NOT replace previous VM definitions
2021-10-19 20:52:28,519 - Velocimacro : allowInlineLocal = false : VMs defined inline will be global in scope if allowed.
2021-10-19 20:52:28,519 - Velocimacro : autoload off : VM system will not automatically reload global library macros
2021-10-19 20:52:28,879 - ResourceManager : found templates/generators/errorpage.vm with loader org.apache.velocity.runtime.resource.loader.ClasspathResourceLoader
2021-10-19 20:52:28,889 - ResourceManager : found /templates/headers.vm with loader org.apache.velocity.runtime.resource.loader.ClasspathResourceLoader
2021-10-19 20:52:28,892 - ResourceManager : found /templates/head.vm with loader org.apache.velocity.runtime.resource.loader.ClasspathResourceLoader
2021-10-19 20:52:28,899 - Velocimacro : added VM stringArray: source=/templates/macros/array.js.vm
2021-10-19 20:52:28,899 - Velocimacro : added VM numberArray: source=/templates/macros/array.js.vm
2021-10-19 20:52:28,899 - ResourceManager : found /templates/macros/array.js.vm with loader org.apache.velocity.runtime.resource.loader.ClasspathResourceLoader
2021-10-19 20:52:28,904 - Velocimacro : added VM includeBuildInfo: source=/templates/macros/page/buildinfo.vm
2021-10-19 20:52:28,904 - ResourceManager : found /templates/macros/page/buildinfo.vm with loader org.apache.velocity.runtime.resource.loader.ClasspathResourceLoader
2021-10-19 20:52:28,915 - Velocimacro : added VM includeClassifications: source=/templates/macros/page/classifications.vm
2021-10-19 20:52:28,916 - ResourceManager : found /templates/macros/page/classifications.vm with loader org.apache.velocity.runtime.resource.loader.ClasspathResourceLoader
2021-10-19 20:52:28,918 - Velocimacro : added VM includeLead: source=/templates/macros/page/lead.vm
2021-10-19 20:52:28,918 - ResourceManager : found /templates/macros/page/lead.vm with loader org.apache.velocity.runtime.resource.loader.ClasspathResourceLoader
2021-10-19 20:52:28,925 - Velocimacro : added VM includeNavigation: source=/templates/macros/page/navigation.vm
2021-10-19 20:52:28,925 - ResourceManager : found /templates/macros/page/navigation.vm with loader org.apache.velocity.runtime.resource.loader.ClasspathResourceLoader
2021-10-19 20:52:28,931 - Velocimacro : added VM includeReportInfo: source=/templates/macros/page/reportInfo.vm
2021-10-19 20:52:28,931 - ResourceManager : found /templates/macros/page/reportInfo.vm with loader org.apache.velocity.runtime.resource.loader.ClasspathResourceLoader
2021-10-19 20:52:28,933 - Velocimacro : added VM includeTitle: source=/templates/macros/page/title.vm
2021-10-19 20:52:28,933 - ResourceManager : found /templates/macros/page/title.vm with loader org.apache.velocity.runtime.resource.loader.ClasspathResourceLoader
2021-10-19 20:52:28,935 - Velocimacro : added VM includeExpandingButtons: source=/templates/macros/report/expandAllButtons.vm
2021-10-19 20:52:28,935 - ResourceManager : found /templates/macros/report/expandAllButtons.vm with loader org.apache.velocity.runtime.resource.loader.ClasspathResourceLoader
2021-10-19 20:52:28,946 - Velocimacro : added VM includeReportTable: source=/templates/macros/report/reportTable.vm
2021-10-19 20:52:28,946 - ResourceManager : found /templates/macros/report/reportTable.vm with loader org.apache.velocity.runtime.resource.loader.ClasspathResourceLoader
2021-10-19 20:52:28,949 - Velocimacro : added VM includeReportHeader: source=/templates/macros/report/reportHeader.vm
2021-10-19 20:52:28,949 - ResourceManager : found /templates/macros/report/reportHeader.vm with loader org.apache.velocity.runtime.resource.loader.ClasspathResourceLoader
2021-10-19 20:52:28,962 - Velocimacro : added VM includeStatsTable: source=/templates/macros/report/statsTable.vm
2021-10-19 20:52:28,962 - ResourceManager : found /templates/macros/report/statsTable.vm with loader org.apache.velocity.runtime.resource.loader.ClasspathResourceLoader
2021-10-19 20:52:28,963 - Velocimacro : added VM includeBrief: source=/templates/macros/json/brief.vm
2021-10-19 20:52:28,963 - ResourceManager : found /templates/macros/json/brief.vm with loader org.apache.velocity.runtime.resource.loader.ClasspathResourceLoader
2021-10-19 20:52:28,970 - Velocimacro : added VM includeDocString: source=/templates/macros/json/docstring.vm
2021-10-19 20:52:28,970 - ResourceManager : found /templates/macros/json/docstring.vm with loader org.apache.velocity.runtime.resource.loader.ClasspathResourceLoader
2021-10-19 20:52:28,973 - Velocimacro : added VM includeDuration: source=/templates/macros/json/duration.vm
2021-10-19 20:52:28,973 - ResourceManager : found /templates/macros/json/duration.vm with loader org.apache.velocity.runtime.resource.loader.ClasspathResourceLoader
2021-10-19 20:52:28,981 - Velocimacro : added VM includeElement: source=/templates/macros/json/element.vm
2021-10-19 20:52:28,982 - ResourceManager : found /templates/macros/json/element.vm with loader org.apache.velocity.runtime.resource.loader.ClasspathResourceLoader
2021-10-19 20:52:28,999 - Velocimacro : added VM includeEmbeddings: source=/templates/macros/json/embeddings.vm
2021-10-19 20:52:28,999 - Velocimacro : added VM includeHtmlEmbedding: source=/templates/macros/json/embeddings.vm
2021-10-19 20:52:29,000 - Velocimacro : added VM includeVideoEmbedding: source=/templates/macros/json/embeddings.vm
2021-10-19 20:52:29,000 - Velocimacro : added VM includeImageEmbedding: source=/templates/macros/json/embeddings.vm
2021-10-19 20:52:29,001 - Velocimacro : added VM includeImageReferenceEmbedding: source=/templates/macros/json/embeddings.vm
2021-10-19 20:52:29,001 - Velocimacro : added VM includeTextEmbedding: source=/templates/macros/json/embeddings.vm
2021-10-19 20:52:29,001 - Velocimacro : added VM includeUnknownEmbedding: source=/templates/macros/json/embeddings.vm
2021-10-19 20:52:29,002 - ResourceManager : found /templates/macros/json/embeddings.vm with loader org.apache.velocity.runtime.resource.loader.ClasspathResourceLoader
2021-10-19 20:52:29,008 - Velocimacro : added VM includeHooks: source=/templates/macros/json/hooks.vm
2021-10-19 20:52:29,008 - ResourceManager : found /templates/macros/json/hooks.vm with loader org.apache.velocity.runtime.resource.loader.ClasspathResourceLoader
2021-10-19 20:52:29,013 - Velocimacro : added VM includeOutput: source=/templates/macros/json/output.vm
2021-10-19 20:52:29,013 - ResourceManager : found /templates/macros/json/output.vm with loader org.apache.velocity.runtime.resource.loader.ClasspathResourceLoader
2021-10-19 20:52:29,014 - Velocimacro : added VM includeMessage: source=/templates/macros/json/message.vm
2021-10-19 20:52:29,015 - ResourceManager : found /templates/macros/json/message.vm with loader org.apache.velocity.runtime.resource.loader.ClasspathResourceLoader
2021-10-19 20:52:29,017 - Velocimacro : added VM includeSteps: source=/templates/macros/json/steps.vm
2021-10-19 20:52:29,017 - ResourceManager : found /templates/macros/json/steps.vm with loader org.apache.velocity.runtime.resource.loader.ClasspathResourceLoader
2021-10-19 20:52:29,020 - Velocimacro : added VM includeStepName: source=/templates/macros/json/stepName.vm
2021-10-19 20:52:29,020 - ResourceManager : found /templates/macros/json/stepName.vm with loader org.apache.velocity.runtime.resource.loader.ClasspathResourceLoader
2021-10-19 20:52:29,022 - Velocimacro : added VM includeTags: source=/templates/macros/json/tags.vm
2021-10-19 20:52:29,022 - ResourceManager : found /templates/macros/json/tags.vm with loader org.apache.velocity.runtime.resource.loader.ClasspathResourceLoader
2021-10-19 20:52:29,044 - VM #includeNavigation: too few arguments to macro. Wanted 1 got 0
2021-10-19 20:52:29,045 - Left side ($active_tab) of '==' operation has null value. If it is a reference, it may not be in the context or its toString() returned null. /templates/macros/page/navigation.vm[line 14, column 51]
2021-10-19 20:52:29,046 - Left side ($active_tab) of '==' operation has null value. If it is a reference, it may not be in the context or its toString() returned null. /templates/macros/page/navigation.vm[line 15, column 51]
2021-10-19 20:52:29,046 - Left side ($active_tab) of '==' operation has null value. If it is a reference, it may not be in the context or its toString() returned null. /templates/macros/page/navigation.vm[line 16, column 51]
2021-10-19 20:52:29,046 - Left side ($active_tab) of '==' operation has null value. If it is a reference, it may not be in the context or its toString() returned null. /templates/macros/page/navigation.vm[line 20, column 51]
2021-10-19 20:52:29,097 - ResourceManager : found /templates/footer.vm with loader org.apache.velocity.runtime.resource.loader.ClasspathResourceLoader
2021-10-19 21:36:33,614 - Log4JLogChute initialized using file 'target\velocity.log'
2021-10-19 21:36:33,615 - Initializing Velocity, Calling init()...
2021-10-19 21:36:33,615 - Starting Apache Velocity v1.7 (compiled: 2010-11-19 12:14:37)
2021-10-19 21:36:33,615 - Default Properties File: org\apache\velocity\runtime\defaults\velocity.properties
2021-10-19 21:36:33,615 - Trying to use logger class org.apache.velocity.runtime.log.AvalonLogChute
2021-10-19 21:36:33,615 - Target log system for org.apache.velocity.runtime.log.AvalonLogChute is not available (java.lang.NoClassDefFoundError: org/apache/log/format/Formatter).  Falling back to next log system...
2021-10-19 21:36:33,615 - Trying to use logger class org.apache.velocity.runtime.log.Log4JLogChute
2021-10-19 21:36:33,615 - Using logger class org.apache.velocity.runtime.log.Log4JLogChute
2021-10-19 21:36:33,626 - ResourceLoader instantiated: org.apache.velocity.runtime.resource.loader.ClasspathResourceLoader
2021-10-19 21:36:33,684 - ResourceCache: initialized (class org.apache.velocity.runtime.resource.ResourceCacheImpl) with class java.util.Collections$SynchronizedMap cache map.
2021-10-19 21:36:33,695 - Loaded System Directive: org.apache.velocity.runtime.directive.Stop
2021-10-19 21:36:33,702 - Loaded System Directive: org.apache.velocity.runtime.directive.Define
2021-10-19 21:36:33,710 - Loaded System Directive: org.apache.velocity.runtime.directive.Break
2021-10-19 21:36:33,718 - Loaded System Directive: org.apache.velocity.runtime.directive.Evaluate
2021-10-19 21:36:33,722 - Loaded System Directive: org.apache.velocity.runtime.directive.Literal
2021-10-19 21:36:33,733 - Loaded System Directive: org.apache.velocity.runtime.directive.Macro
2021-10-19 21:36:33,740 - Loaded System Directive: org.apache.velocity.runtime.directive.Parse
2021-10-19 21:36:33,746 - Loaded System Directive: org.apache.velocity.runtime.directive.Include
2021-10-19 21:36:33,750 - Loaded System Directive: org.apache.velocity.runtime.directive.Foreach
2021-10-19 21:36:33,908 - Created '20' parsers.
2021-10-19 21:36:33,938 - Velocimacro : "velocimacro.library" is not set.  Trying default library: VM_global_library.vm
2021-10-19 21:36:33,944 - Could not load resource 'VM_global_library.vm' from ResourceLoader org.apache.velocity.runtime.resource.loader.ClasspathResourceLoader: ClasspathResourceLoader Error: cannot find resource VM_global_library.vm
2021-10-19 21:36:33,945 - Velocimacro : Default library not found.
2021-10-19 21:36:33,945 - Velocimacro : allowInline = true : VMs can be defined inline in templates
2021-10-19 21:36:33,945 - Velocimacro : allowInlineToOverride = false : VMs defined inline may NOT replace previous VM definitions
2021-10-19 21:36:33,945 - Velocimacro : allowInlineLocal = false : VMs defined inline will be global in scope if allowed.
2021-10-19 21:36:33,946 - Velocimacro : autoload off : VM system will not automatically reload global library macros
2021-10-19 21:36:34,265 - ResourceManager : found templates/generators/errorpage.vm with loader org.apache.velocity.runtime.resource.loader.ClasspathResourceLoader
2021-10-19 21:36:34,278 - ResourceManager : found /templates/headers.vm with loader org.apache.velocity.runtime.resource.loader.ClasspathResourceLoader
2021-10-19 21:36:34,280 - ResourceManager : found /templates/head.vm with loader org.apache.velocity.runtime.resource.loader.ClasspathResourceLoader
2021-10-19 21:36:34,284 - Velocimacro : added VM stringArray: source=/templates/macros/array.js.vm
2021-10-19 21:36:34,284 - Velocimacro : added VM numberArray: source=/templates/macros/array.js.vm
2021-10-19 21:36:34,284 - ResourceManager : found /templates/macros/array.js.vm with loader org.apache.velocity.runtime.resource.loader.ClasspathResourceLoader
2021-10-19 21:36:34,288 - Velocimacro : added VM includeBuildInfo: source=/templates/macros/page/buildinfo.vm
2021-10-19 21:36:34,288 - ResourceManager : found /templates/macros/page/buildinfo.vm with loader org.apache.velocity.runtime.resource.loader.ClasspathResourceLoader
2021-10-19 21:36:34,295 - Velocimacro : added VM includeClassifications: source=/templates/macros/page/classifications.vm
2021-10-19 21:36:34,296 - ResourceManager : found /templates/macros/page/classifications.vm with loader org.apache.velocity.runtime.resource.loader.ClasspathResourceLoader
2021-10-19 21:36:34,302 - Velocimacro : added VM includeLead: source=/templates/macros/page/lead.vm
2021-10-19 21:36:34,302 - ResourceManager : found /templates/macros/page/lead.vm with loader org.apache.velocity.runtime.resource.loader.ClasspathResourceLoader
2021-10-19 21:36:34,317 - Velocimacro : added VM includeNavigation: source=/templates/macros/page/navigation.vm
2021-10-19 21:36:34,319 - ResourceManager : found /templates/macros/page/navigation.vm with loader org.apache.velocity.runtime.resource.loader.ClasspathResourceLoader
2021-10-19 21:36:34,336 - Velocimacro : added VM includeReportInfo: source=/templates/macros/page/reportInfo.vm
2021-10-19 21:36:34,336 - ResourceManager : found /templates/macros/page/reportInfo.vm with loader org.apache.velocity.runtime.resource.loader.ClasspathResourceLoader
2021-10-19 21:36:34,341 - Velocimacro : added VM includeTitle: source=/templates/macros/page/title.vm
2021-10-19 21:36:34,341 - ResourceManager : found /templates/macros/page/title.vm with loader org.apache.velocity.runtime.resource.loader.ClasspathResourceLoader
2021-10-19 21:36:34,343 - Velocimacro : added VM includeExpandingButtons: source=/templates/macros/report/expandAllButtons.vm
2021-10-19 21:36:34,343 - ResourceManager : found /templates/macros/report/expandAllButtons.vm with loader org.apache.velocity.runtime.resource.loader.ClasspathResourceLoader
2021-10-19 21:36:34,352 - Velocimacro : added VM includeReportTable: source=/templates/macros/report/reportTable.vm
2021-10-19 21:36:34,352 - ResourceManager : found /templates/macros/report/reportTable.vm with loader org.apache.velocity.runtime.resource.loader.ClasspathResourceLoader
2021-10-19 21:36:34,355 - Velocimacro : added VM includeReportHeader: source=/templates/macros/report/reportHeader.vm
2021-10-19 21:36:34,355 - ResourceManager : found /templates/macros/report/reportHeader.vm with loader org.apache.velocity.runtime.resource.loader.ClasspathResourceLoader
2021-10-19 21:36:34,369 - Velocimacro : added VM includeStatsTable: source=/templates/macros/report/statsTable.vm
2021-10-19 21:36:34,369 - ResourceManager : found /templates/macros/report/statsTable.vm with loader org.apache.velocity.runtime.resource.loader.ClasspathResourceLoader
2021-10-19 21:36:34,384 - Velocimacro : added VM includeBrief: source=/templates/macros/json/brief.vm
2021-10-19 21:36:34,384 - ResourceManager : found /templates/macros/json/brief.vm with loader org.apache.velocity.runtime.resource.loader.ClasspathResourceLoader
2021-10-19 21:36:34,386 - Velocimacro : added VM includeDocString: source=/templates/macros/json/docstring.vm
2021-10-19 21:36:34,387 - ResourceManager : found /templates/macros/json/docstring.vm with loader org.apache.velocity.runtime.resource.loader.ClasspathResourceLoader
2021-10-19 21:36:34,391 - Velocimacro : added VM includeDuration: source=/templates/macros/json/duration.vm
2021-10-19 21:36:34,391 - ResourceManager : found /templates/macros/json/duration.vm with loader org.apache.velocity.runtime.resource.loader.ClasspathResourceLoader
2021-10-19 21:36:34,401 - Velocimacro : added VM includeElement: source=/templates/macros/json/element.vm
2021-10-19 21:36:34,401 - ResourceManager : found /templates/macros/json/element.vm with loader org.apache.velocity.runtime.resource.loader.ClasspathResourceLoader
2021-10-19 21:36:34,416 - Velocimacro : added VM includeEmbeddings: source=/templates/macros/json/embeddings.vm
2021-10-19 21:36:34,417 - Velocimacro : added VM includeHtmlEmbedding: source=/templates/macros/json/embeddings.vm
2021-10-19 21:36:34,419 - Velocimacro : added VM includeVideoEmbedding: source=/templates/macros/json/embeddings.vm
2021-10-19 21:36:34,419 - Velocimacro : added VM includeImageEmbedding: source=/templates/macros/json/embeddings.vm
2021-10-19 21:36:34,420 - Velocimacro : added VM includeImageReferenceEmbedding: source=/templates/macros/json/embeddings.vm
2021-10-19 21:36:34,420 - Velocimacro : added VM includeTextEmbedding: source=/templates/macros/json/embeddings.vm
2021-10-19 21:36:34,420 - Velocimacro : added VM includeUnknownEmbedding: source=/templates/macros/json/embeddings.vm
2021-10-19 21:36:34,420 - ResourceManager : found /templates/macros/json/embeddings.vm with loader org.apache.velocity.runtime.resource.loader.ClasspathResourceLoader
2021-10-19 21:36:34,431 - Velocimacro : added VM includeHooks: source=/templates/macros/json/hooks.vm
2021-10-19 21:36:34,431 - ResourceManager : found /templates/macros/json/hooks.vm with loader org.apache.velocity.runtime.resource.loader.ClasspathResourceLoader
2021-10-19 21:36:34,438 - Velocimacro : added VM includeOutput: source=/templates/macros/json/output.vm
2021-10-19 21:36:34,438 - ResourceManager : found /templates/macros/json/output.vm with loader org.apache.velocity.runtime.resource.loader.ClasspathResourceLoader
2021-10-19 21:36:34,441 - Velocimacro : added VM includeMessage: source=/templates/macros/json/message.vm
2021-10-19 21:36:34,441 - ResourceManager : found /templates/macros/json/message.vm with loader org.apache.velocity.runtime.resource.loader.ClasspathResourceLoader
2021-10-19 21:36:34,447 - Velocimacro : added VM includeSteps: source=/templates/macros/json/steps.vm
2021-10-19 21:36:34,448 - ResourceManager : found /templates/macros/json/steps.vm with loader org.apache.velocity.runtime.resource.loader.ClasspathResourceLoader
2021-10-19 21:36:34,452 - Velocimacro : added VM includeStepName: source=/templates/macros/json/stepName.vm
2021-10-19 21:36:34,452 - ResourceManager : found /templates/macros/json/stepName.vm with loader org.apache.velocity.runtime.resource.loader.ClasspathResourceLoader
2021-10-19 21:36:34,454 - Velocimacro : added VM includeTags: source=/templates/macros/json/tags.vm
2021-10-19 21:36:34,454 - ResourceManager : found /templates/macros/json/tags.vm with loader org.apache.velocity.runtime.resource.loader.ClasspathResourceLoader
2021-10-19 21:36:34,491 - VM #includeNavigation: too few arguments to macro. Wanted 1 got 0
2021-10-19 21:36:34,494 - Left side ($active_tab) of '==' operation has null value. If it is a reference, it may not be in the context or its toString() returned null. /templates/macros/page/navigation.vm[line 14, column 51]
2021-10-19 21:36:34,494 - Left side ($active_tab) of '==' operation has null value. If it is a reference, it may not be in the context or its toString() returned null. /templates/macros/page/navigation.vm[line 15, column 51]
2021-10-19 21:36:34,494 - Left side ($active_tab) of '==' operation has null value. If it is a reference, it may not be in the context or its toString() returned null. /templates/macros/page/navigation.vm[line 16, column 51]
2021-10-19 21:36:34,494 - Left side ($active_tab) of '==' operation has null value. If it is a reference, it may not be in the context or its toString() returned null. /templates/macros/page/navigation.vm[line 20, column 51]
2021-10-19 21:36:34,540 - ResourceManager : found /templates/footer.vm with loader org.apache.velocity.runtime.resource.loader.ClasspathResourceLoader
